0 info it worked if it ends with ok
1 verbose cli [ '/usr/local/Cellar/node/5.0.0/bin/node',
1 verbose cli   '/usr/local/bin/npm',
1 verbose cli   'start' ]
2 info using npm@3.3.9
3 info using node@v5.0.0
4 verbose run-script [ 'prestart', 'start', 'poststart' ]
5 info lifecycle groupme@1.0.0~prestart: groupme@1.0.0
6 silly lifecycle groupme@1.0.0~prestart: no script for prestart, continuing
7 info lifecycle groupme@1.0.0~start: groupme@1.0.0
8 verbose lifecycle groupme@1.0.0~start: unsafe-perm in lifecycle true
9 verbose lifecycle groupme@1.0.0~start: PATH: /usr/local/lib/node_modules/npm/bin/node-gyp-bin:/Users/tyler/Desktop/groupme/node_modules/.bin:/Users/tyler/.rbenv/shims:/usr/local/heroku/bin:/Users/tyler/.rbenv/shims:/Users/tyler/.rbenv/bin:/usr/local/bin:./node_modules/.bin:/usr/local/bin:/usr/local/sbin:~/node_modules/.bin:/usr/local/share/npm/bin:/usr/local/Library/Aliases:/usr/local/bin:/usr/bin:/bin:/usr/sbin:/sbin:/Users/tyler/.gem/ruby/1.8/bin:/opt/nginx/sbin:/Users/tyler/npm/bin:/usr/local/bin/node:/Users/tyler/.bash_it/plugins/available/todo
10 verbose lifecycle groupme@1.0.0~start: CWD: /Users/tyler/Desktop/groupme
11 silly lifecycle groupme@1.0.0~start: Args: [ '-c', 'babel-node ./photos.js' ]
12 silly lifecycle groupme@1.0.0~start: Returned: code: 1  signal: null
13 info lifecycle groupme@1.0.0~start: Failed to exec start script
14 verbose stack Error: groupme@1.0.0 start: `babel-node ./photos.js`
14 verbose stack Exit status 1
14 verbose stack     at EventEmitter.<anonymous> (/usr/local/lib/node_modules/npm/lib/utils/lifecycle.js:233:16)
14 verbose stack     at emitTwo (events.js:87:13)
14 verbose stack     at EventEmitter.emit (events.js:172:7)
14 verbose stack     at ChildProcess.<anonymous> (/usr/local/lib/node_modules/npm/lib/utils/spawn.js:24:14)
14 verbose stack     at emitTwo (events.js:87:13)
14 verbose stack     at ChildProcess.emit (events.js:172:7)
14 verbose stack     at maybeClose (internal/child_process.js:818:16)
14 verbose stack     at Process.ChildProcess._handle.onexit (internal/child_process.js:211:5)
15 verbose pkgid groupme@1.0.0
16 verbose cwd /Users/tyler/Desktop/groupme
17 error Darwin 15.2.0
18 error argv "/usr/local/Cellar/node/5.0.0/bin/node" "/usr/local/bin/npm" "start"
19 error node v5.0.0
20 error npm  v3.3.9
21 error code ELIFECYCLE
22 error groupme@1.0.0 start: `babel-node ./photos.js`
22 error Exit status 1
23 error Failed at the groupme@1.0.0 start script 'babel-node ./photos.js'.
23 error This is most likely a problem with the groupme package,
23 error not with npm itself.
23 error Tell the author that this fails on your system:
23 error     babel-node ./photos.js
23 error You can get their info via:
23 error     npm owner ls groupme
23 error There is likely additional logging output above.
24 verbose exit [ 1, true ]
